/*C1*/SET SCHEMA SYSTEM_LOBS
INSERT INTO BLOCKS VALUES(0,2147483647,0)
COMMIT
/*C2*/SET SCHEMA PUBLIC
CREATE TABLE user (id INTEGER not NULL,  username VARCHAR(255),  password VARCHAR(255),  PRIMARY KEY ( id ))
INSERT INTO USER VALUES(1266,'admin','IArjB43dOmsxQyKwg+Gy8Q==')
COMMIT
CREATE TABLE task (id INTEGER not NULL,  username VARCHAR(255),  taskname VARCHAR(255),  description VARCHAR(255),  lastupdate DATETIME,  completed INTEGER,  PRIMARY KEY ( id ))
INSERT INTO TASK VALUES(172,'admin','Hello','World','2022-05-09 22:26:08.000000',0)
COMMIT
INSERT INTO TASK VALUES(497,'admin','How are ','you','2022-05-09 22:26:15.000000',0)
COMMIT
INSERT INTO TASK VALUES(95,'admin','I am ','Fine','2022-05-09 22:26:24.000000',0)
COMMIT
DELETE FROM TASK WHERE ID=172
COMMIT
DELETE FROM TASK WHERE ID=95
COMMIT
DELETE FROM TASK WHERE ID=497
COMMIT
INSERT INTO TASK VALUES(816,'admin','Hello','World','2022-05-09 22:26:45.000000',0)
COMMIT
